<?xml version="1.0" encoding="UTF-8"?>
<testng-results ignored="0" total="1" passed="1" failed="0" skipped="0">
  <reporter-output>
  </reporter-output>
  <suite started-at="2023-10-17T22:34:48 IST" name="Default suite" finished-at="2023-10-17T22:34:48 IST" duration-ms="165">
    <groups>
    </groups>
    <test started-at="2023-10-17T22:34:48 IST" name="Default test" finished-at="2023-10-17T22:34:48 IST" duration-ms="165">
      <class name="test_ng.sample">
        <test-method signature="run()[pri:0, instance:test_ng.sample@3e11f9e9]" started-at="2023-10-17T22:34:48 IST" name="run" finished-at="2023-10-17T22:34:48 IST" duration-ms="26" status="PASS">
          <reporter-output>
          </reporter-output>
        </test-method> <!-- run -->
      </class> <!-- test_ng.sample -->
    </test> <!-- Default test -->
  </suite> <!-- Default suite -->
</testng-results>
